<?xml version="1.0" encoding="UTF-8"?>
<testng-results ignored="0" total="0" passed="0" failed="0" skipped="0">
  <reporter-output>
  </reporter-output>
  <suite started-at="2020-10-31T19:11:20 GMT" name="Surefire suite" finished-at="2020-10-31T19:12:04 GMT" duration-ms="44234">
    <groups>
    </groups>
    <test started-at="2020-10-31T19:11:20 GMT" name="Surefire test" finished-at="2020-10-31T19:12:04 GMT" duration-ms="44234">
    </test> <!-- Surefire test -->
  </suite> <!-- Surefire suite -->
</testng-results>
